09-Aug-2017 17:23:14.759 INFO [main] org.apache.catalina.startup.VersionLoggerListener.log Server version:        Apache Tomcat/9.0.0.M26
09-Aug-2017 17:23:14.763 INFO [main] org.apache.catalina.startup.VersionLoggerListener.log Server built:          Aug 2 2017 20:29:05 UTC
09-Aug-2017 17:23:14.763 INFO [main] org.apache.catalina.startup.VersionLoggerListener.log Server number:         9.0.0.0
09-Aug-2017 17:23:14.764 INFO [main] org.apache.catalina.startup.VersionLoggerListener.log OS Name:               Mac OS X
09-Aug-2017 17:23:14.764 INFO [main] org.apache.catalina.startup.VersionLoggerListener.log OS Version:            10.12.5
09-Aug-2017 17:23:14.764 INFO [main] org.apache.catalina.startup.VersionLoggerListener.log Architecture:          x86_64
09-Aug-2017 17:23:14.764 INFO [main] org.apache.catalina.startup.VersionLoggerListener.log Java Home:             /Library/Java/JavaVirtualMachines/jdk1.8.0_131.jdk/Contents/Home/jre
09-Aug-2017 17:23:14.764 INFO [main] org.apache.catalina.startup.VersionLoggerListener.log JVM Version:           1.8.0_131-b11
09-Aug-2017 17:23:14.764 INFO [main] org.apache.catalina.startup.VersionLoggerListener.log JVM Vendor:            Oracle Corporation
09-Aug-2017 17:23:14.764 INFO [main] org.apache.catalina.startup.VersionLoggerListener.log CATALINA_BASE:         /Users/tim/IBG/Tomcat
09-Aug-2017 17:23:14.764 INFO [main] org.apache.catalina.startup.VersionLoggerListener.log CATALINA_HOME:         /Users/tim/IBG/Tomcat
09-Aug-2017 17:23:14.765 INFO [main] org.apache.catalina.startup.VersionLoggerListener.log Command line argument: -Djava.util.logging.config.file=/Users/tim/IBG/Tomcat/conf/logging.properties
09-Aug-2017 17:23:14.765 INFO [main] org.apache.catalina.startup.VersionLoggerListener.log Command line argument: -Djava.util.logging.manager=org.apache.juli.ClassLoaderLogManager
09-Aug-2017 17:23:14.765 INFO [main] org.apache.catalina.startup.VersionLoggerListener.log Command line argument: -Djdk.tls.ephemeralDHKeySize=2048
09-Aug-2017 17:23:14.765 INFO [main] org.apache.catalina.startup.VersionLoggerListener.log Command line argument: -Djava.protocol.handler.pkgs=org.apache.catalina.webresources
09-Aug-2017 17:23:14.765 INFO [main] org.apache.catalina.startup.VersionLoggerListener.log Command line argument: -Dcatalina.base=/Users/tim/IBG/Tomcat
09-Aug-2017 17:23:14.765 INFO [main] org.apache.catalina.startup.VersionLoggerListener.log Command line argument: -Dcatalina.home=/Users/tim/IBG/Tomcat
09-Aug-2017 17:23:14.766 INFO [main] org.apache.catalina.startup.VersionLoggerListener.log Command line argument: -Djava.io.tmpdir=/Users/tim/IBG/Tomcat/temp
09-Aug-2017 17:23:14.766 INFO [main] org.apache.catalina.core.AprLifecycleListener.lifecycleEvent The APR based Apache Tomcat Native library which allows optimal performance in production environments was not found on the java.library.path: [/Users/tim/Library/Java/Extensions:/Library/Java/Extensions:/Network/Library/Java/Extensions:/System/Library/Java/Extensions:/usr/lib/java:.]
09-Aug-2017 17:23:14.884 INFO [main] org.apache.coyote.AbstractProtocol.init Initializing ProtocolHandler ["http-nio-8080"]
09-Aug-2017 17:23:14.912 INFO [main] org.apache.tomcat.util.net.NioSelectorPool.getSharedSelector Using a shared selector for servlet write/read
09-Aug-2017 17:23:14.915 INFO [main] org.apache.coyote.AbstractProtocol.init Initializing ProtocolHandler ["ajp-nio-8009"]
09-Aug-2017 17:23:14.916 INFO [main] org.apache.tomcat.util.net.NioSelectorPool.getSharedSelector Using a shared selector for servlet write/read
09-Aug-2017 17:23:14.916 INFO [main] org.apache.catalina.startup.Catalina.load Initialization processed in 524 ms
09-Aug-2017 17:23:14.940 INFO [main] org.apache.catalina.core.StandardService.startInternal Starting service [Catalina]
09-Aug-2017 17:23:14.940 INFO [main] org.apache.catalina.core.StandardEngine.startInternal Starting Servlet Engine: Apache Tomcat/9.0.0.M26
09-Aug-2017 17:23:14.946 INFO [main] org.apache.catalina.startup.HostConfig.deployDirectory Deploying web application directory [/Users/tim/IBG/Tomcat/webapps/docs]
09-Aug-2017 17:23:15.242 INFO [main] org.apache.catalina.startup.HostConfig.deployDirectory Deployment of web application directory [/Users/tim/IBG/Tomcat/webapps/docs] has finished in [296] ms
09-Aug-2017 17:23:15.242 INFO [main] org.apache.catalina.startup.HostConfig.deployDirectory Deploying web application directory [/Users/tim/IBG/Tomcat/webapps/examples]
09-Aug-2017 17:23:15.476 INFO [main] org.apache.catalina.startup.HostConfig.deployDirectory Deployment of web application directory [/Users/tim/IBG/Tomcat/webapps/examples] has finished in [234] ms
09-Aug-2017 17:23:15.476 INFO [main] org.apache.catalina.startup.HostConfig.deployDirectory Deploying web application directory [/Users/tim/IBG/Tomcat/webapps/host-manager]
09-Aug-2017 17:23:15.499 INFO [main] org.apache.catalina.startup.HostConfig.deployDirectory Deployment of web application directory [/Users/tim/IBG/Tomcat/webapps/host-manager] has finished in [23] ms
09-Aug-2017 17:23:15.499 INFO [main] org.apache.catalina.startup.HostConfig.deployDirectory Deploying web application directory [/Users/tim/IBG/Tomcat/webapps/manager]
09-Aug-2017 17:23:15.519 INFO [main] org.apache.catalina.startup.HostConfig.deployDirectory Deployment of web application directory [/Users/tim/IBG/Tomcat/webapps/manager] has finished in [19] ms
09-Aug-2017 17:23:15.519 INFO [main] org.apache.catalina.startup.HostConfig.deployDirectory Deploying web application directory [/Users/tim/IBG/Tomcat/webapps/ROOT]
09-Aug-2017 17:23:15.531 INFO [main] org.apache.catalina.startup.HostConfig.deployDirectory Deployment of web application directory [/Users/tim/IBG/Tomcat/webapps/ROOT] has finished in [12] ms
09-Aug-2017 17:23:15.534 INFO [main] org.apache.coyote.AbstractProtocol.start Starting ProtocolHandler ["http-nio-8080"]
09-Aug-2017 17:23:15.540 INFO [main] org.apache.coyote.AbstractProtocol.start Starting ProtocolHandler ["ajp-nio-8009"]
09-Aug-2017 17:23:15.541 INFO [main] org.apache.catalina.startup.Catalina.start Server startup in 624 ms
09-Aug-2017 17:23:47.886 INFO [main] org.apache.catalina.core.StandardServer.await A valid shutdown command was received via the shutdown port. Stopping the Server instance.
09-Aug-2017 17:23:47.886 INFO [main] org.apache.coyote.AbstractProtocol.pause Pausing ProtocolHandler ["http-nio-8080"]
09-Aug-2017 17:23:47.945 INFO [main] org.apache.coyote.AbstractProtocol.pause Pausing ProtocolHandler ["ajp-nio-8009"]
09-Aug-2017 17:23:47.998 INFO [main] org.apache.catalina.core.StandardService.stopInternal Stopping service [Catalina]
09-Aug-2017 17:23:48.020 INFO [main] org.apache.coyote.AbstractProtocol.stop Stopping ProtocolHandler ["http-nio-8080"]
09-Aug-2017 17:23:48.023 INFO [main] org.apache.coyote.AbstractProtocol.stop Stopping ProtocolHandler ["ajp-nio-8009"]
09-Aug-2017 17:23:48.024 INFO [main] org.apache.coyote.AbstractProtocol.destroy Destroying ProtocolHandler ["http-nio-8080"]
09-Aug-2017 17:23:48.025 INFO [main] org.apache.coyote.AbstractProtocol.destroy Destroying ProtocolHandler ["ajp-nio-8009"]
09-Aug-2017 17:24:34.614 INFO [main] org.apache.catalina.startup.VersionLoggerListener.log Server version:        Apache Tomcat/9.0.0.M26
09-Aug-2017 17:24:34.616 INFO [main] org.apache.catalina.startup.VersionLoggerListener.log Server built:          Aug 2 2017 20:29:05 UTC
09-Aug-2017 17:24:34.616 INFO [main] org.apache.catalina.startup.VersionLoggerListener.log Server number:         9.0.0.0
09-Aug-2017 17:24:34.616 INFO [main] org.apache.catalina.startup.VersionLoggerListener.log OS Name:               Mac OS X
09-Aug-2017 17:24:34.616 INFO [main] org.apache.catalina.startup.VersionLoggerListener.log OS Version:            10.12.5
09-Aug-2017 17:24:34.616 INFO [main] org.apache.catalina.startup.VersionLoggerListener.log Architecture:          x86_64
09-Aug-2017 17:24:34.616 INFO [main] org.apache.catalina.startup.VersionLoggerListener.log Java Home:             /Library/Java/JavaVirtualMachines/jdk1.8.0_131.jdk/Contents/Home/jre
09-Aug-2017 17:24:34.616 INFO [main] org.apache.catalina.startup.VersionLoggerListener.log JVM Version:           1.8.0_131-b11
09-Aug-2017 17:24:34.617 INFO [main] org.apache.catalina.startup.VersionLoggerListener.log JVM Vendor:            Oracle Corporation
09-Aug-2017 17:24:34.617 INFO [main] org.apache.catalina.startup.VersionLoggerListener.log CATALINA_BASE:         /Users/tim/IBG/Tomcat
09-Aug-2017 17:24:34.617 INFO [main] org.apache.catalina.startup.VersionLoggerListener.log CATALINA_HOME:         /Users/tim/IBG/Tomcat
09-Aug-2017 17:24:34.618 INFO [main] org.apache.catalina.startup.VersionLoggerListener.log Command line argument: -Djava.util.logging.config.file=/Users/tim/IBG/Tomcat/conf/logging.properties
09-Aug-2017 17:24:34.618 INFO [main] org.apache.catalina.startup.VersionLoggerListener.log Command line argument: -Djava.util.logging.manager=org.apache.juli.ClassLoaderLogManager
09-Aug-2017 17:24:34.618 INFO [main] org.apache.catalina.startup.VersionLoggerListener.log Command line argument: -Djdk.tls.ephemeralDHKeySize=2048
09-Aug-2017 17:24:34.618 INFO [main] org.apache.catalina.startup.VersionLoggerListener.log Command line argument: -Djava.protocol.handler.pkgs=org.apache.catalina.webresources
09-Aug-2017 17:24:34.618 INFO [main] org.apache.catalina.startup.VersionLoggerListener.log Command line argument: -Dcatalina.base=/Users/tim/IBG/Tomcat
09-Aug-2017 17:24:34.618 INFO [main] org.apache.catalina.startup.VersionLoggerListener.log Command line argument: -Dcatalina.home=/Users/tim/IBG/Tomcat
09-Aug-2017 17:24:34.618 INFO [main] org.apache.catalina.startup.VersionLoggerListener.log Command line argument: -Djava.io.tmpdir=/Users/tim/IBG/Tomcat/temp
09-Aug-2017 17:24:34.618 INFO [main] org.apache.catalina.core.AprLifecycleListener.lifecycleEvent The APR based Apache Tomcat Native library which allows optimal performance in production environments was not found on the java.library.path: [/Users/tim/Library/Java/Extensions:/Library/Java/Extensions:/Network/Library/Java/Extensions:/System/Library/Java/Extensions:/usr/lib/java:.]
09-Aug-2017 17:24:34.724 INFO [main] org.apache.coyote.AbstractProtocol.init Initializing ProtocolHandler ["http-nio-8080"]
09-Aug-2017 17:24:34.746 INFO [main] org.apache.tomcat.util.net.NioSelectorPool.getSharedSelector Using a shared selector for servlet write/read
09-Aug-2017 17:24:34.748 INFO [main] org.apache.coyote.AbstractProtocol.init Initializing ProtocolHandler ["ajp-nio-8009"]
09-Aug-2017 17:24:34.749 INFO [main] org.apache.tomcat.util.net.NioSelectorPool.getSharedSelector Using a shared selector for servlet write/read
09-Aug-2017 17:24:34.749 INFO [main] org.apache.catalina.startup.Catalina.load Initialization processed in 463 ms
09-Aug-2017 17:24:34.772 INFO [main] org.apache.catalina.core.StandardService.startInternal Starting service [Catalina]
09-Aug-2017 17:24:34.773 INFO [main] org.apache.catalina.core.StandardEngine.startInternal Starting Servlet Engine: Apache Tomcat/9.0.0.M26
09-Aug-2017 17:24:34.778 INFO [main] org.apache.catalina.startup.HostConfig.deployDirectory Deploying web application directory [/Users/tim/IBG/Tomcat/webapps/docs]
09-Aug-2017 17:24:35.040 INFO [main] org.apache.catalina.startup.HostConfig.deployDirectory Deployment of web application directory [/Users/tim/IBG/Tomcat/webapps/docs] has finished in [262] ms
09-Aug-2017 17:24:35.041 INFO [main] org.apache.catalina.startup.HostConfig.deployDirectory Deploying web application directory [/Users/tim/IBG/Tomcat/webapps/examples]
09-Aug-2017 17:24:35.286 INFO [main] org.apache.catalina.startup.HostConfig.deployDirectory Deployment of web application directory [/Users/tim/IBG/Tomcat/webapps/examples] has finished in [244] ms
09-Aug-2017 17:24:35.286 INFO [main] org.apache.catalina.startup.HostConfig.deployDirectory Deploying web application directory [/Users/tim/IBG/Tomcat/webapps/host-manager]
09-Aug-2017 17:24:35.306 INFO [main] org.apache.catalina.startup.HostConfig.deployDirectory Deployment of web application directory [/Users/tim/IBG/Tomcat/webapps/host-manager] has finished in [20] ms
09-Aug-2017 17:24:35.307 INFO [main] org.apache.catalina.startup.HostConfig.deployDirectory Deploying web application directory [/Users/tim/IBG/Tomcat/webapps/manager]
09-Aug-2017 17:24:35.323 INFO [main] org.apache.catalina.startup.HostConfig.deployDirectory Deployment of web application directory [/Users/tim/IBG/Tomcat/webapps/manager] has finished in [15] ms
09-Aug-2017 17:24:35.323 INFO [main] org.apache.catalina.startup.HostConfig.deployDirectory Deploying web application directory [/Users/tim/IBG/Tomcat/webapps/ROOT]
09-Aug-2017 17:24:35.334 INFO [main] org.apache.catalina.startup.HostConfig.deployDirectory Deployment of web application directory [/Users/tim/IBG/Tomcat/webapps/ROOT] has finished in [11] ms
09-Aug-2017 17:24:35.337 INFO [main] org.apache.coyote.AbstractProtocol.start Starting ProtocolHandler ["http-nio-8080"]
09-Aug-2017 17:24:35.343 INFO [main] org.apache.coyote.AbstractProtocol.start Starting ProtocolHandler ["ajp-nio-8009"]
09-Aug-2017 17:24:35.345 INFO [main] org.apache.catalina.startup.Catalina.start Server startup in 595 ms
